# JRE version: Java(TM) SE Runtime Environment (8.0_144-b01) (build 1.8.0_144-b01)
# Java VM: Java HotSpot(TM) Client VM (25.144-b01 mixed mode, sharing windows-x86 )
Heap:
 def new generation   total 13760K, used 11828K [0x04c00000, 0x05ae0000, 0x0a150000)
  eden space 12288K,  95% used [0x04c00000, 0x057c28f0, 0x05800000)
  from space 1472K,   2% used [0x05800000, 0x05807fc8, 0x05970000)
  to   space 1472K,   0% used [0x05970000, 0x05970000, 0x05ae0000)
 tenured generation   total 30328K, used 22411K [0x0a150000, 0x0beee000, 0x14c00000)
   the space 30328K,  73% used [0x0a150000, 0x0b732ee8, 0x0b733000, 0x0beee000)
 Metaspace       used 1461K, capacity 2889K, committed 3008K, reserved 4480K
GC Heap History (10 events):
Event: 4.743 GC heap before
{Heap before GC invocations=160 (full 2):
 def new generation   total 13760K, used 12303K [0x04c00000, 0x05ae0000, 0x0a150000)
  eden space 12288K, 100% used [0x04c00000, 0x05800000, 0x05800000)
  from space 1472K,   1% used [0x05970000, 0x05973cf0, 0x05ae0000)
  to   space 1472K,   0% used [0x05800000, 0x05800000, 0x05970000)
 tenured generation   total 30328K, used 22411K [0x0a150000, 0x0beee000, 0x14c00000)
   the space 30328K,  73% used [0x0a150000, 0x0b732ee8, 0x0b733000, 0x0beee000)
 Metaspace       used 1460K, capacity 2889K, committed 3008K, reserved 4480K
Event: 4.743 GC heap after
Heap after GC invocations=161 (full 2):
 def new generation   total 13760K, used 14K [0x04c00000, 0x05ae0000, 0x0a150000)
  eden space 12288K,   0% used [0x04c00000, 0x04c00000, 0x05800000)
  from space 1472K,   0% used [0x05800000, 0x05803ae0, 0x05970000)
  to   space 1472K,   0% used [0x05970000, 0x05970000, 0x05ae0000)
 tenured generation   total 30328K, used 22411K [0x0a150000, 0x0beee000, 0x14c00000)
   the space 30328K,  73% used [0x0a150000, 0x0b732ee8, 0x0b733000, 0x0beee000)
 Metaspace       used 1460K, capacity 2889K, committed 3008K, reserved 4480K
}
Event: 4.776 GC heap before
{Heap before GC invocations=161 (full 2):
 def new generation   total 13760K, used 12302K [0x04c00000, 0x05ae0000, 0x0a150000)
  eden space 12288K, 100% used [0x04c00000, 0x05800000, 0x05800000)
  from space 1472K,   0% used [0x05800000, 0x05803ae0, 0x05970000)
  to   space 1472K,   0% used [0x05970000, 0x05970000, 0x05ae0000)
 tenured generation   total 30328K, used 22411K [0x0a150000, 0x0beee000, 0x14c00000)
   the space 30328K,  73% used [0x0a150000, 0x0b732ee8, 0x0b733000, 0x0beee000)
 Metaspace       used 1460K, capacity 2889K, committed 3008K, reserved 4480K
Event: 4.777 GC heap after
Heap after GC invocations=162 (full 2):
 def new generation   total 13760K, used 17K [0x04c00000, 0x05ae0000, 0x0a150000)
  eden space 12288K,   0% used [0x04c00000, 0x04c00000, 0x05800000)
  from space 1472K,   1% used [0x05970000, 0x05974748, 0x05ae0000)
  to   space 1472K,   0% used [0x05800000, 0x05800000, 0x05970000)
 tenured generation   total 30328K, used 22411K [0x0a150000, 0x0beee000, 0x14c00000)
   the space 30328K,  73% used [0x0a150000, 0x0b732ee8, 0x0b733000, 0x0beee000)
 Metaspace       used 1460K, capacity 2889K, committed 3008K, reserved 4480K
}
Event: 4.809 GC heap before
{Heap before GC invocations=162 (full 2):
 def new generation   total 13760K, used 12305K [0x04c00000, 0x05ae0000, 0x0a150000)
  eden space 12288K, 100% used [0x04c00000, 0x05800000, 0x05800000)
  from space 1472K,   1% used [0x05970000, 0x05974748, 0x05ae0000)
  to   space 1472K,   0% used [0x05800000, 0x05800000, 0x05970000)
 tenured generation   total 30328K, used 22411K [0x0a150000, 0x0beee000, 0x14c00000)
   the space 30328K,  73% used [0x0a150000, 0x0b732ee8, 0x0b733000, 0x0beee000)
 Metaspace       used 1461K, capacity 2889K, committed 3008K, reserved 4480K
Event: 4.810 GC heap after
Heap after GC invocations=163 (full 2):
 def new generation   total 13760K, used 30K [0x04c00000, 0x05ae0000, 0x0a150000)
  eden space 12288K,   0% used [0x04c00000, 0x04c00000, 0x05800000)
  from space 1472K,   2% used [0x05800000, 0x05807af0, 0x05970000)
  to   space 1472K,   0% used [0x05970000, 0x05970000, 0x05ae0000)
 tenured generation   total 30328K, used 22411K [0x0a150000, 0x0beee000, 0x14c00000)
   the space 30328K,  73% used [0x0a150000, 0x0b732ee8, 0x0b733000, 0x0beee000)
 Metaspace       used 1461K, capacity 2889K, committed 3008K, reserved 4480K
}
Event: 4.843 GC heap before
{Heap before GC invocations=163 (full 2):
 def new generation   total 13760K, used 12318K [0x04c00000, 0x05ae0000, 0x0a150000)
  eden space 12288K, 100% used [0x04c00000, 0x05800000, 0x05800000)
  from space 1472K,   2% used [0x05800000, 0x05807af0, 0x05970000)
  to   space 1472K,   0% used [0x05970000, 0x05970000, 0x05ae0000)
 tenured generation   total 30328K, used 22411K [0x0a150000, 0x0beee000, 0x14c00000)
   the space 30328K,  73% used [0x0a150000, 0x0b732ee8, 0x0b733000, 0x0beee000)
 Metaspace       used 1461K, capacity 2889K, committed 3008K, reserved 4480K
Event: 4.844 GC heap after
Heap after GC invocations=164 (full 2):
 def new generation   total 13760K, used 31K [0x04c00000, 0x05ae0000, 0x0a150000)
  eden space 12288K,   0% used [0x04c00000, 0x04c00000, 0x05800000)
  from space 1472K,   2% used [0x05970000, 0x05977f78, 0x05ae0000)
  to   space 1472K,   0% used [0x05800000, 0x05800000, 0x05970000)
 tenured generation   total 30328K, used 22411K [0x0a150000, 0x0beee000, 0x14c00000)
   the space 30328K,  73% used [0x0a150000, 0x0b732ee8, 0x0b733000, 0x0beee000)
 Metaspace       used 1461K, capacity 2889K, committed 3008K, reserved 4480K
}
Event: 4.877 GC heap before
{Heap before GC invocations=164 (full 2):
 def new generation   total 13760K, used 12319K [0x04c00000, 0x05ae0000, 0x0a150000)
  eden space 12288K, 100% used [0x04c00000, 0x05800000, 0x05800000)
  from space 1472K,   2% used [0x05970000, 0x05977f78, 0x05ae0000)
  to   space 1472K,   0% used [0x05800000, 0x05800000, 0x05970000)
 tenured generation   total 30328K, used 22411K [0x0a150000, 0x0beee000, 0x14c00000)
   the space 30328K,  73% used [0x0a150000, 0x0b732ee8, 0x0b733000, 0x0beee000)
 Metaspace       used 1461K, capacity 2889K, committed 3008K, reserved 4480K
Event: 4.878 GC heap after
Heap after GC invocations=165 (full 2):
 def new generation   total 13760K, used 31K [0x04c00000, 0x05ae0000, 0x0a150000)
  eden space 12288K,   0% used [0x04c00000, 0x04c00000, 0x05800000)
  from space 1472K,   2% used [0x05800000, 0x05807fc8, 0x05970000)
  to   space 1472K,   0% used [0x05970000, 0x05970000, 0x05ae0000)
 tenured generation   total 30328K, used 22411K [0x0a150000, 0x0beee000, 0x14c00000)
   the space 30328K,  73% used [0x0a150000, 0x0b732ee8, 0x0b733000, 0x0beee000)
 Metaspace       used 1461K, capacity 2889K, committed 3008K, reserved 4480K
}

